Started GET "/" for 127.0.0.1 at 2018-10-10 17:21:00 +0100
  
ActiveRecord::NoDatabaseError (FATAL:  database "wow-test-app-001_development" does not exist
):
  
activerecord (5.2.1) lib/active_record/connection_adapters/postgresql_adapter.rb:688:in `rescue in connect'
activerecord (5.2.1) lib/active_record/connection_adapters/postgresql_adapter.rb:683:in `connect'
activerecord (5.2.1) lib/active_record/connection_adapters/postgresql_adapter.rb:215:in `initialize'
activerecord (5.2.1) lib/active_record/connection_adapters/postgresql_adapter.rb:40:in `new'
activerecord (5.2.1) lib/active_record/connection_adapters/postgresql_adapter.rb:40:in `postgresql_connection'
activerecord (5.2.1) lib/active_record/connection_adapters/abstract/connection_pool.rb:809:in `new_connection'
activerecord (5.2.1) lib/active_record/connection_adapters/abstract/connection_pool.rb:853:in `checkout_new_connection'
activerecord (5.2.1) lib/active_record/connection_adapters/abstract/connection_pool.rb:832:in `try_to_checkout_new_connection'
activerecord (5.2.1) lib/active_record/connection_adapters/abstract/connection_pool.rb:793:in `acquire_connection'
activerecord (5.2.1) lib/active_record/connection_adapters/abstract/connection_pool.rb:521:in `checkout'
activerecord (5.2.1) lib/active_record/connection_adapters/abstract/connection_pool.rb:380:in `connection'
activerecord (5.2.1) lib/active_record/connection_adapters/abstract/connection_pool.rb:1008:in `retrieve_connection'
activerecord (5.2.1) lib/active_record/connection_handling.rb:118:in `retrieve_connection'
activerecord (5.2.1) lib/active_record/connection_handling.rb:90:in `connection'
activerecord (5.2.1) lib/active_record/migration.rb:554:in `call'
actionpack (5.2.1) lib/action_dispatch/middleware/callbacks.rb:28:in `block in call'
activesupport (5.2.1) lib/active_support/callbacks.rb:98:in `run_callbacks'
actionpack (5.2.1) lib/action_dispatch/middleware/callbacks.rb:26:in `call'
actionpack (5.2.1) lib/action_dispatch/middleware/executor.rb:14:in `call'
actionpack (5.2.1) lib/action_dispatch/middleware/debug_exceptions.rb:61:in `call'
web-console (3.7.0) lib/web_console/middleware.rb:135:in `call_app'
web-console (3.7.0) lib/web_console/middleware.rb:30:in `block in call'
web-console (3.7.0) lib/web_console/middleware.rb:20:in `catch'
web-console (3.7.0) lib/web_console/middleware.rb:20:in `call'
actionpack (5.2.1) lib/action_dispatch/middleware/show_exceptions.rb:33:in `call'
railties (5.2.1) lib/rails/rack/logger.rb:38:in `call_app'
railties (5.2.1) lib/rails/rack/logger.rb:26:in `block in call'
activesupport (5.2.1) lib/active_support/tagged_logging.rb:71:in `block in tagged'
activesupport (5.2.1) lib/active_support/tagged_logging.rb:28:in `tagged'
activesupport (5.2.1) lib/active_support/tagged_logging.rb:71:in `tagged'
railties (5.2.1) lib/rails/rack/logger.rb:26:in `call'
sprockets-rails (3.2.1) lib/sprockets/rails/quiet_assets.rb:13:in `call'
actionpack (5.2.1) lib/action_dispatch/middleware/remote_ip.rb:81:in `call'
actionpack (5.2.1) lib/action_dispatch/middleware/request_id.rb:27:in `call'
rack (2.0.5) lib/rack/method_override.rb:22:in `call'
rack (2.0.5) lib/rack/runtime.rb:22:in `call'
activesupport (5.2.1) lib/active_support/cache/strategy/local_cache_middleware.rb:29:in `call'
actionpack (5.2.1) lib/action_dispatch/middleware/executor.rb:14:in `call'
actionpack (5.2.1) lib/action_dispatch/middleware/static.rb:127:in `call'
rack (2.0.5) lib/rack/sendfile.rb:111:in `call'
railties (5.2.1) lib/rails/engine.rb:524:in `call'
puma (3.12.0) lib/puma/configuration.rb:225:in `call'
puma (3.12.0) lib/puma/server.rb:658:in `handle_request'
puma (3.12.0) lib/puma/server.rb:472:in `process_client'
puma (3.12.0) lib/puma/server.rb:332:in `block in run'
puma (3.12.0) lib/puma/thread_pool.rb:133:in `block in spawn_thread'
  [1m[35m (500.4ms)[0m  [1m[35mCREATE DATABASE "wow-test-app-001_development" ENCODING = 'unicode'[0m
  ↳ /Users/dmazzei/.rbenv/versions/2.5.1/bin/rake:23
  [1m[35m (406.3ms)[0m  [1m[35mCREATE DATABASE "wow-test-app-001_test" ENCODING = 'unicode'[0m
  ↳ /Users/dmazzei/.rbenv/versions/2.5.1/bin/rake:23
  [1m[35m (26.6ms)[0m  [1m[35mCREATE TABLE "schema_migrations" ("version" character varying NOT NULL PRIMARY KEY)[0m
  ↳ /Users/dmazzei/.rbenv/versions/2.5.1/bin/rake:23
  [1m[35m (28.6ms)[0m  [1m[35mCREATE TABLE "ar_internal_metadata" ("key" character varying NOT NULL PRIMARY KEY, "value" character varying, "created_at" timestamp NOT NULL, "updated_at" timestamp NOT NULL)[0m
  ↳ /Users/dmazzei/.rbenv/versions/2.5.1/bin/rake:23
  [1m[35m (1.3ms)[0m  [1m[34mSELECT pg_try_advisory_lock(3865160886694852815)[0m
  ↳ /Users/dmazzei/.rbenv/versions/2.5.1/bin/rake:23
  [1m[35m (1.4ms)[0m  [1m[34mSELECT "schema_migrations"."version" FROM "schema_migrations" ORDER BY "schema_migrations"."version" ASC[0m
  ↳ /Users/dmazzei/.rbenv/versions/2.5.1/bin/rake:23
  [1m[36mActiveRecord::InternalMetadata Load (0.8ms)[0m  [1m[34mSELECT  "ar_internal_metadata".* FROM "ar_internal_metadata" WHERE "ar_internal_metadata"."key" = $1 LIMIT $2[0m  [["key", "environment"], ["LIMIT", 1]]
  ↳ /Users/dmazzei/.rbenv/versions/2.5.1/bin/rake:23
  [1m[35m (0.2ms)[0m  [1m[35mBEGIN[0m
  ↳ /Users/dmazzei/.rbenv/versions/2.5.1/bin/rake:23
  [1m[36mActiveRecord::InternalMetadata Create (24.7ms)[0m  [1m[32mINSERT INTO "ar_internal_metadata" ("key", "value", "created_at", "updated_at") VALUES ($1, $2, $3, $4) RETURNING "key"[0m  [["key", "environment"], ["value", "development"], ["created_at", "2018-10-10 16:22:18.840751"], ["updated_at", "2018-10-10 16:22:18.840751"]]
  ↳ /Users/dmazzei/.rbenv/versions/2.5.1/bin/rake:23
  [1m[35m (0.4ms)[0m  [1m[35mCOMMIT[0m
  ↳ /Users/dmazzei/.rbenv/versions/2.5.1/bin/rake:23
  [1m[35m (0.2ms)[0m  [1m[34mSELECT pg_advisory_unlock(3865160886694852815)[0m
  ↳ /Users/dmazzei/.rbenv/versions/2.5.1/bin/rake:23
  [1m[35m (0.3ms)[0m  [1m[34mSELECT "schema_migrations"."version" FROM "schema_migrations" ORDER BY "schema_migrations"."version" ASC[0m
  ↳ /Users/dmazzei/.rbenv/versions/2.5.1/bin/rake:23
Started GET "/" for 127.0.0.1 at 2018-10-10 17:22:40 +0100
Processing by HomeController#show as HTML
  Rendering home/show.html.erb within layouts/application
  Rendered home/show.html.erb within layouts/application (0.8ms)
Completed 200 OK in 556ms (Views: 547.7ms | ActiveRecord: 0.0ms)


Started GET "/auth/auth0" for 127.0.0.1 at 2018-10-10 17:22:48 +0100
  
ActionController::RoutingError (No route matches [GET] "/auth/auth0"):
  
actionpack (5.2.1) lib/action_dispatch/middleware/debug_exceptions.rb:65:in `call'
web-console (3.7.0) lib/web_console/middleware.rb:135:in `call_app'
web-console (3.7.0) lib/web_console/middleware.rb:30:in `block in call'
web-console (3.7.0) lib/web_console/middleware.rb:20:in `catch'
web-console (3.7.0) lib/web_console/middleware.rb:20:in `call'
actionpack (5.2.1) lib/action_dispatch/middleware/show_exceptions.rb:33:in `call'
railties (5.2.1) lib/rails/rack/logger.rb:38:in `call_app'
railties (5.2.1) lib/rails/rack/logger.rb:26:in `block in call'
activesupport (5.2.1) lib/active_support/tagged_logging.rb:71:in `block in tagged'
activesupport (5.2.1) lib/active_support/tagged_logging.rb:28:in `tagged'
activesupport (5.2.1) lib/active_support/tagged_logging.rb:71:in `tagged'
railties (5.2.1) lib/rails/rack/logger.rb:26:in `call'
sprockets-rails (3.2.1) lib/sprockets/rails/quiet_assets.rb:13:in `call'
actionpack (5.2.1) lib/action_dispatch/middleware/remote_ip.rb:81:in `call'
actionpack (5.2.1) lib/action_dispatch/middleware/request_id.rb:27:in `call'
rack (2.0.5) lib/rack/method_override.rb:22:in `call'
rack (2.0.5) lib/rack/runtime.rb:22:in `call'
activesupport (5.2.1) lib/active_support/cache/strategy/local_cache_middleware.rb:29:in `call'
actionpack (5.2.1) lib/action_dispatch/middleware/executor.rb:14:in `call'
actionpack (5.2.1) lib/action_dispatch/middleware/static.rb:127:in `call'
rack (2.0.5) lib/rack/sendfile.rb:111:in `call'
railties (5.2.1) lib/rails/engine.rb:524:in `call'
puma (3.12.0) lib/puma/configuration.rb:225:in `call'
puma (3.12.0) lib/puma/server.rb:658:in `handle_request'
puma (3.12.0) lib/puma/server.rb:472:in `process_client'
puma (3.12.0) lib/puma/server.rb:332:in `block in run'
puma (3.12.0) lib/puma/thread_pool.rb:133:in `block in spawn_thread'
Started GET "/" for 127.0.0.1 at 2018-10-11 10:25:54 +0100
Processing by HomeController#show as HTML
  Rendering home/show.html.erb within layouts/application
  Rendered home/show.html.erb within layouts/application (2.4ms)
Completed 200 OK in 536ms (Views: 526.6ms | ActiveRecord: 0.0ms)


Started GET "/auth/auth0" for 127.0.0.1 at 2018-10-11 10:26:02 +0100
  
ActionController::RoutingError (No route matches [GET] "/auth/auth0"):
  
actionpack (5.2.1) lib/action_dispatch/middleware/debug_exceptions.rb:65:in `call'
web-console (3.7.0) lib/web_console/middleware.rb:135:in `call_app'
web-console (3.7.0) lib/web_console/middleware.rb:30:in `block in call'
web-console (3.7.0) lib/web_console/middleware.rb:20:in `catch'
web-console (3.7.0) lib/web_console/middleware.rb:20:in `call'
actionpack (5.2.1) lib/action_dispatch/middleware/show_exceptions.rb:33:in `call'
railties (5.2.1) lib/rails/rack/logger.rb:38:in `call_app'
railties (5.2.1) lib/rails/rack/logger.rb:26:in `block in call'
activesupport (5.2.1) lib/active_support/tagged_logging.rb:71:in `block in tagged'
activesupport (5.2.1) lib/active_support/tagged_logging.rb:28:in `tagged'
activesupport (5.2.1) lib/active_support/tagged_logging.rb:71:in `tagged'
railties (5.2.1) lib/rails/rack/logger.rb:26:in `call'
sprockets-rails (3.2.1) lib/sprockets/rails/quiet_assets.rb:13:in `call'
actionpack (5.2.1) lib/action_dispatch/middleware/remote_ip.rb:81:in `call'
actionpack (5.2.1) lib/action_dispatch/middleware/request_id.rb:27:in `call'
rack (2.0.5) lib/rack/method_override.rb:22:in `call'
rack (2.0.5) lib/rack/runtime.rb:22:in `call'
activesupport (5.2.1) lib/active_support/cache/strategy/local_cache_middleware.rb:29:in `call'
actionpack (5.2.1) lib/action_dispatch/middleware/executor.rb:14:in `call'
actionpack (5.2.1) lib/action_dispatch/middleware/static.rb:127:in `call'
rack (2.0.5) lib/rack/sendfile.rb:111:in `call'
railties (5.2.1) lib/rails/engine.rb:524:in `call'
puma (3.12.0) lib/puma/configuration.rb:225:in `call'
puma (3.12.0) lib/puma/server.rb:658:in `handle_request'
puma (3.12.0) lib/puma/server.rb:472:in `process_client'
puma (3.12.0) lib/puma/server.rb:332:in `block in run'
puma (3.12.0) lib/puma/thread_pool.rb:133:in `block in spawn_thread'
Started GET "/" for 127.0.0.1 at 2018-10-11 10:26:05 +0100
Processing by HomeController#show as HTML
  Rendering home/show.html.erb within layouts/application
  Rendered home/show.html.erb within layouts/application (0.3ms)
Completed 200 OK in 23ms (Views: 20.7ms | ActiveRecord: 0.0ms)


Started GET "/" for 127.0.0.1 at 2018-10-11 10:39:06 +0100
Processing by HomeController#show as HTML
  Rendering home/show.html.erb within layouts/application
  Rendered home/show.html.erb within layouts/application (0.9ms)
Completed 200 OK in 178ms (Views: 169.3ms | ActiveRecord: 0.0ms)


Started GET "/" for 127.0.0.1 at 2018-10-11 11:00:36 +0100
Processing by HomeController#show as HTML
  Rendering home/show.html.erb within layouts/application
  Rendered home/show.html.erb within layouts/application (1.0ms)
Completed 200 OK in 174ms (Views: 164.9ms | ActiveRecord: 0.0ms)


Started GET "/auth/auth0" for 127.0.0.1 at 2018-10-11 11:00:39 +0100
  
ActionController::RoutingError (No route matches [GET] "/auth/auth0"):
  
actionpack (5.2.1) lib/action_dispatch/middleware/debug_exceptions.rb:65:in `call'
web-console (3.7.0) lib/web_console/middleware.rb:135:in `call_app'
web-console (3.7.0) lib/web_console/middleware.rb:30:in `block in call'
web-console (3.7.0) lib/web_console/middleware.rb:20:in `catch'
web-console (3.7.0) lib/web_console/middleware.rb:20:in `call'
actionpack (5.2.1) lib/action_dispatch/middleware/show_exceptions.rb:33:in `call'
railties (5.2.1) lib/rails/rack/logger.rb:38:in `call_app'
railties (5.2.1) lib/rails/rack/logger.rb:26:in `block in call'
activesupport (5.2.1) lib/active_support/tagged_logging.rb:71:in `block in tagged'
activesupport (5.2.1) lib/active_support/tagged_logging.rb:28:in `tagged'
activesupport (5.2.1) lib/active_support/tagged_logging.rb:71:in `tagged'
railties (5.2.1) lib/rails/rack/logger.rb:26:in `call'
sprockets-rails (3.2.1) lib/sprockets/rails/quiet_assets.rb:13:in `call'
actionpack (5.2.1) lib/action_dispatch/middleware/remote_ip.rb:81:in `call'
actionpack (5.2.1) lib/action_dispatch/middleware/request_id.rb:27:in `call'
rack (2.0.5) lib/rack/method_override.rb:22:in `call'
rack (2.0.5) lib/rack/runtime.rb:22:in `call'
activesupport (5.2.1) lib/active_support/cache/strategy/local_cache_middleware.rb:29:in `call'
actionpack (5.2.1) lib/action_dispatch/middleware/executor.rb:14:in `call'
actionpack (5.2.1) lib/action_dispatch/middleware/static.rb:127:in `call'
rack (2.0.5) lib/rack/sendfile.rb:111:in `call'
railties (5.2.1) lib/rails/engine.rb:524:in `call'
puma (3.12.0) lib/puma/configuration.rb:225:in `call'
puma (3.12.0) lib/puma/server.rb:658:in `handle_request'
puma (3.12.0) lib/puma/server.rb:472:in `process_client'
puma (3.12.0) lib/puma/server.rb:332:in `block in run'
puma (3.12.0) lib/puma/thread_pool.rb:133:in `block in spawn_thread'
Started GET "/" for 127.0.0.1 at 2018-10-11 11:09:04 +0100
Processing by HomeController#show as HTML
  Rendering home/show.html.erb within layouts/application
  Rendered home/show.html.erb within layouts/application (0.9ms)
Completed 200 OK in 202ms (Views: 192.8ms | ActiveRecord: 0.0ms)


Started GET "/auth/bnet" for 127.0.0.1 at 2018-10-11 11:09:06 +0100
Started GET "/auth/bnet" for 127.0.0.1 at 2018-10-11 11:09:07 +0100
Started GET "/auth/bnet" for 127.0.0.1 at 2018-10-11 11:09:33 +0100
Started GET "/auth/bnet" for 127.0.0.1 at 2018-10-11 11:09:33 +0100
Started GET "/" for 127.0.0.1 at 2018-10-11 11:14:37 +0100
Processing by HomeController#show as HTML
  Rendering home/show.html.erb within layouts/application
  Rendered home/show.html.erb within layouts/application (0.9ms)
Completed 200 OK in 191ms (Views: 180.0ms | ActiveRecord: 0.0ms)


Started GET "/auth/bnet" for 127.0.0.1 at 2018-10-11 11:14:39 +0100
Started GET "/auth/bnet" for 127.0.0.1 at 2018-10-11 11:14:40 +0100
Started GET "/auth/bnet" for 127.0.0.1 at 2018-10-11 11:26:56 +0100
Started GET "/auth/bnet" for 127.0.0.1 at 2018-10-11 11:28:57 +0100
Started GET "/auth/bnet" for 127.0.0.1 at 2018-10-11 11:28:57 +0100
DEPRECATION WARNING: `secrets.secret_token` is deprecated in favor of `secret_key_base` and will be removed in Rails 6.0. (called from <top (required)> at /Users/dmazzei/Projects/Personal/WoW/test_app_001/config/environment.rb:5)
Started GET "/" for 127.0.0.1 at 2018-10-11 16:56:27 +0100
Processing by HomeController#show as HTML
  Rendering home/show.html.erb within layouts/application
  Rendered home/show.html.erb within layouts/application (1.0ms)
Completed 200 OK in 321ms (Views: 312.1ms | ActiveRecord: 0.0ms)


DEPRECATION WARNING: `secrets.secret_token` is deprecated in favor of `secret_key_base` and will be removed in Rails 6.0. (called from <top (required)> at /Users/dmazzei/Projects/Personal/WoW/test_app_001/config/environment.rb:5)
Started GET "/" for 127.0.0.1 at 2018-10-11 16:57:26 +0100
Processing by HomeController#show as HTML
  Rendering home/show.html.erb within layouts/application
  Rendered home/show.html.erb within layouts/application (5.7ms)
Completed 200 OK in 249ms (Views: 240.2ms | ActiveRecord: 0.0ms)


Started GET "/" for 127.0.0.1 at 2018-10-11 16:57:58 +0100
Processing by HomeController#show as HTML
  Rendering home/show.html.erb within layouts/application
  Rendered home/show.html.erb within layouts/application (6.8ms)
Completed 200 OK in 39ms (Views: 35.8ms | ActiveRecord: 0.0ms)


Started GET "/auth/bnet" for 127.0.0.1 at 2018-10-11 16:58:03 +0100
(bnet) Request phase initiated.
Started GET "/auth/bnet" for 127.0.0.1 at 2018-10-11 16:58:04 +0100
(bnet) Request phase initiated.
DEPRECATION WARNING: `secrets.secret_token` is deprecated in favor of `secret_key_base` and will be removed in Rails 6.0. (called from <top (required)> at /Users/dmazzei/Projects/Personal/WoW/test_app_001/config/environment.rb:5)
Started GET "/" for 127.0.0.1 at 2018-10-11 17:19:29 +0100
Processing by HomeController#show as HTML
  Rendering home/show.html.erb within layouts/application
  Rendered home/show.html.erb within layouts/application (1.2ms)
Completed 200 OK in 271ms (Views: 260.2ms | ActiveRecord: 0.0ms)


DEPRECATION WARNING: `secrets.secret_token` is deprecated in favor of `secret_key_base` and will be removed in Rails 6.0. (called from <top (required)> at /Users/dmazzei/Projects/Personal/WoW/test_app_001/config/environment.rb:5)
Started GET "/" for 127.0.0.1 at 2018-10-11 17:20:44 +0100
Processing by HomeController#show as HTML
  Rendering home/show.html.erb within layouts/application
  Rendered home/show.html.erb within layouts/application (1.0ms)
Completed 200 OK in 255ms (Views: 245.8ms | ActiveRecord: 0.0ms)


DEPRECATION WARNING: `secrets.secret_token` is deprecated in favor of `secret_key_base` and will be removed in Rails 6.0. (called from <top (required)> at /Users/dmazzei/Projects/Personal/WoW/test_app_001/config/environment.rb:5)
Started GET "/" for 127.0.0.1 at 2018-10-11 17:29:41 +0100
Processing by HomeController#show as HTML
  Rendering home/show.html.erb within layouts/application
  Rendered home/show.html.erb within layouts/application (1.3ms)
Completed 200 OK in 260ms (Views: 249.9ms | ActiveRecord: 0.0ms)


Started GET "/" for 127.0.0.1 at 2018-10-11 17:29:44 +0100
Processing by HomeController#show as HTML
  Rendering home/show.html.erb within layouts/application
  Rendered home/show.html.erb within layouts/application (0.4ms)
Completed 200 OK in 25ms (Views: 23.1ms | ActiveRecord: 0.0ms)


DEPRECATION WARNING: `secrets.secret_token` is deprecated in favor of `secret_key_base` and will be removed in Rails 6.0. (called from <top (required)> at /Users/dmazzei/Projects/Personal/WoW/test_app_001/config/environment.rb:5)
Started GET "/" for 127.0.0.1 at 2018-10-11 17:45:48 +0100
  
ActionController::RoutingError (undefined method `before_filter' for ApplicationController:Class
Did you mean?  before_action):
  
app/controllers/application_controller.rb:2:in `<class:ApplicationController>'
app/controllers/application_controller.rb:1:in `<main>'
app/controllers/home_controller.rb:1:in `<main>'
DEPRECATION WARNING: `secrets.secret_token` is deprecated in favor of `secret_key_base` and will be removed in Rails 6.0. (called from <top (required)> at /Users/dmazzei/Projects/Personal/WoW/test_app_001/config/environment.rb:5)
DEPRECATION WARNING: `secrets.secret_token` is deprecated in favor of `secret_key_base` and will be removed in Rails 6.0. (called from <top (required)> at /Users/dmazzei/Projects/Personal/WoW/test_app_001/config/environment.rb:5)
Started GET "/" for 127.0.0.1 at 2018-10-12 15:47:49 +0100
Processing by HomeController#show as HTML
  Rendering home/show.html.erb within layouts/application
  Rendered home/show.html.erb within layouts/application (1.0ms)
Completed 200 OK in 264ms (Views: 253.9ms | ActiveRecord: 0.0ms)


DEPRECATION WARNING: `secrets.secret_token` is deprecated in favor of `secret_key_base` and will be removed in Rails 6.0. (called from <top (required)> at /Users/dmazzei/Projects/Personal/WoW/test_app_001/config/environment.rb:5)
Started GET "/" for 127.0.0.1 at 2018-10-12 15:50:43 +0100
Processing by HomeController#show as HTML
  Rendering home/show.html.erb within layouts/application
  Rendered home/show.html.erb within layouts/application (0.9ms)
Completed 200 OK in 254ms (Views: 244.4ms | ActiveRecord: 0.0ms)


DEPRECATION WARNING: `secrets.secret_token` is deprecated in favor of `secret_key_base` and will be removed in Rails 6.0. (called from <top (required)> at /Users/dmazzei/Projects/Personal/WoW/test_app_001/config/environment.rb:5)
Started GET "/" for 127.0.0.1 at 2018-10-12 15:59:44 +0100
Processing by HomeController#show as HTML
Redirected to http://localhost:3000/auth/bnet
Filter chain halted as :require_token! rendered or redirected
Completed 302 Found in 7ms (ActiveRecord: 0.0ms)


Started GET "/auth/bnet" for 127.0.0.1 at 2018-10-12 15:59:44 +0100
(bnet) Request phase initiated.
DEPRECATION WARNING: `secrets.secret_token` is deprecated in favor of `secret_key_base` and will be removed in Rails 6.0. (called from <top (required)> at /Users/dmazzei/Projects/Personal/WoW/test_app_001/config/environment.rb:5)
Started GET "/" for 127.0.0.1 at 2018-10-12 16:05:42 +0100
Processing by HomeController#show as HTML
  Rendering home/show.html.erb within layouts/application
  Rendered home/show.html.erb within layouts/application (1.0ms)
Completed 200 OK in 274ms (Views: 264.7ms | ActiveRecord: 0.0ms)


Started GET "/auth/bnet" for 127.0.0.1 at 2018-10-12 16:05:47 +0100
(bnet) Request phase initiated.
Started GET "/auth/bnet" for 127.0.0.1 at 2018-10-12 16:05:47 +0100
(bnet) Request phase initiated.
DEPRECATION WARNING: `secrets.secret_token` is deprecated in favor of `secret_key_base` and will be removed in Rails 6.0. (called from <top (required)> at /Users/dmazzei/Projects/Personal/WoW/test_app_001/config/environment.rb:5)
Started GET "/" for 127.0.0.1 at 2018-10-12 16:11:17 +0100
Processing by HomeController#show as HTML
  Rendering home/show.html.erb within layouts/application
  Rendered home/show.html.erb within layouts/application (1.0ms)
Completed 200 OK in 254ms (Views: 245.5ms | ActiveRecord: 0.0ms)


Started GET "/auth/bnet" for 127.0.0.1 at 2018-10-12 16:11:21 +0100
(bnet) Request phase initiated.
Started GET "/auth/bnet" for 127.0.0.1 at 2018-10-12 16:11:21 +0100
(bnet) Request phase initiated.
DEPRECATION WARNING: `secrets.secret_token` is deprecated in favor of `secret_key_base` and will be removed in Rails 6.0. (called from <top (required)> at /Users/dmazzei/Projects/Personal/WoW/test_app_001/config/environment.rb:5)
Started GET "/" for 127.0.0.1 at 2018-10-12 16:29:59 +0100
Processing by HomeController#show as HTML
  Rendering home/show.html.erb within layouts/application
  Rendered home/show.html.erb within layouts/application (0.9ms)
Completed 200 OK in 234ms (Views: 225.9ms | ActiveRecord: 0.0ms)


Started GET "/auth/bnet" for 127.0.0.1 at 2018-10-12 16:30:03 +0100
(bnet) Request phase initiated.
Started GET "/auth/bnet" for 127.0.0.1 at 2018-10-12 16:30:04 +0100
(bnet) Request phase initiated.
DEPRECATION WARNING: `secrets.secret_token` is deprecated in favor of `secret_key_base` and will be removed in Rails 6.0. (called from <top (required)> at /Users/dmazzei/Projects/Personal/WoW/test_app_001/config/environment.rb:5)
Started GET "/" for 127.0.0.1 at 2018-10-12 17:01:37 +0100
Processing by HomeController#show as HTML
  Rendering home/show.html.erb within layouts/application
  Rendered home/show.html.erb within layouts/application (1.0ms)
Completed 200 OK in 250ms (Views: 246.9ms | ActiveRecord: 0.0ms)


Started GET "/auth/bnet" for 127.0.0.1 at 2018-10-12 17:01:40 +0100
(bnet) Request phase initiated.
Started GET "/auth/bnet" for 127.0.0.1 at 2018-10-12 17:01:40 +0100
(bnet) Request phase initiated.
DEPRECATION WARNING: `secrets.secret_token` is deprecated in favor of `secret_key_base` and will be removed in Rails 6.0. (called from <top (required)> at /Users/dmazzei/Projects/Personal/WoW/test_app_001/config/environment.rb:5)
Started GET "/" for 127.0.0.1 at 2018-10-12 17:05:27 +0100
Processing by HomeController#show as HTML
  Rendering home/show.html.erb within layouts/application
  Rendered home/show.html.erb within layouts/application (1.9ms)
Completed 200 OK in 283ms (Views: 277.9ms | ActiveRecord: 0.0ms)


Started GET "/auth/bnet" for 127.0.0.1 at 2018-10-12 17:05:31 +0100
(bnet) Request phase initiated.
Started GET "/auth/bnet" for 127.0.0.1 at 2018-10-12 17:05:31 +0100
(bnet) Request phase initiated.
DEPRECATION WARNING: `secrets.secret_token` is deprecated in favor of `secret_key_base` and will be removed in Rails 6.0. (called from <top (required)> at /Users/dmazzei/Projects/Personal/WoW/test_app_001/config/environment.rb:5)
Started GET "/" for 127.0.0.1 at 2018-10-12 17:07:09 +0100
Processing by HomeController#show as HTML
  Rendering home/show.html.erb within layouts/application
  Rendered home/show.html.erb within layouts/application (0.8ms)
Completed 200 OK in 264ms (Views: 261.3ms | ActiveRecord: 0.0ms)


Started GET "/auth/bnet" for 127.0.0.1 at 2018-10-12 17:07:13 +0100
(bnet) Request phase initiated.
Started GET "/auth/bnet" for 127.0.0.1 at 2018-10-12 17:07:14 +0100
(bnet) Request phase initiated.
DEPRECATION WARNING: `secrets.secret_token` is deprecated in favor of `secret_key_base` and will be removed in Rails 6.0. (called from <top (required)> at /Users/dmazzei/Projects/Personal/WoW/test_app_001/config/environment.rb:5)
Started GET "/auth/bnet" for 127.0.0.1 at 2018-10-12 17:10:49 +0100
(bnet) Request phase initiated.
Started GET "/auth/bnet" for 127.0.0.1 at 2018-10-12 17:10:50 +0100
(bnet) Request phase initiated.
DEPRECATION WARNING: `secrets.secret_token` is deprecated in favor of `secret_key_base` and will be removed in Rails 6.0. (called from <top (required)> at /Users/dmazzei/Projects/Personal/WoW/test_app_001/config/environment.rb:5)
Started GET "/auth/bnet" for 127.0.0.1 at 2018-10-12 17:12:13 +0100
(bnet) Request phase initiated.
Started GET "/auth/bnet" for 127.0.0.1 at 2018-10-12 17:12:14 +0100
(bnet) Request phase initiated.
DEPRECATION WARNING: `secrets.secret_token` is deprecated in favor of `secret_key_base` and will be removed in Rails 6.0. (called from <main> at /Users/dmazzei/Projects/Personal/WoW/test_app_001/config/environment.rb:5)
Started GET "/" for ::1 at 2018-10-15 09:08:31 +0100
Processing by HomeController#show as HTML
  Rendering home/show.html.erb within layouts/application
  Rendered home/show.html.erb within layouts/application (4.6ms)
Completed 200 OK in 3133ms (Views: 3122.3ms | ActiveRecord: 0.0ms)


Started GET "/auth/bnet" for ::1 at 2018-10-15 09:08:43 +0100
(bnet) Request phase initiated.
Started GET "/auth/bnet" for ::1 at 2018-10-15 09:08:43 +0100
(bnet) Request phase initiated.
DEPRECATION WARNING: `secrets.secret_token` is deprecated in favor of `secret_key_base` and will be removed in Rails 6.0. (called from <main> at /Users/dmazzei/Projects/Personal/WoW/test_app_001/config/environment.rb:5)
Started GET "/" for ::1 at 2018-10-15 09:29:34 +0100
Processing by HomeController#show as HTML
  Rendering home/show.html.erb within layouts/application
  Rendered home/show.html.erb within layouts/application (6.8ms)
Completed 200 OK in 3077ms (Views: 3067.8ms | ActiveRecord: 0.0ms)


Started GET "/auth/bnet" for ::1 at 2018-10-15 09:29:53 +0100
(bnet) Request phase initiated.
Started GET "/auth/bnet" for ::1 at 2018-10-15 09:29:53 +0100
(bnet) Request phase initiated.
DEPRECATION WARNING: `secrets.secret_token` is deprecated in favor of `secret_key_base` and will be removed in Rails 6.0. (called from <main> at /Users/dmazzei/Projects/Personal/WoW/test_app_001/config/environment.rb:5)
Started GET "/auth/bnet" for ::1 at 2018-10-15 09:35:47 +0100
(bnet) Request phase initiated.
Started GET "/auth/bnet" for ::1 at 2018-10-15 09:38:04 +0100
(bnet) Request phase initiated.
